<?xml version="1.0" encoding="UTF-8"?>
<testng-results ignored="0" total="1" passed="1" failed="0" skipped="0">
  <reporter-output>
  </reporter-output>
  <suite started-at="2024-12-23T07:17:04Z" name="Default suite" finished-at="2024-12-23T07:17:21Z" duration-ms="16983">
    <groups>
    </groups>
    <test started-at="2024-12-23T07:17:04Z" name="Default test" finished-at="2024-12-23T07:17:21Z" duration-ms="16983">
      <class name="com.orangehrm.testcases.ToVerifyLoginPage">
        <test-method is-config="true" signature="setUpSuite()[pri:0, instance:com.orangehrm.testcases.ToVerifyLoginPage@196a42c3]" started-at="2024-12-23T12:47:03Z" name="setUpSuite" finished-at="2024-12-23T12:47:04Z" duration-ms="1187" status="PASS">
          <reporter-output>
          </reporter-output>
        </test-method> <!-- setUpSuite -->
        <test-method is-config="true" signature="setUp()[pri:0, instance:com.orangehrm.testcases.ToVerifyLoginPage@196a42c3]" started-at="2024-12-23T12:47:04Z" name="setUp" finished-at="2024-12-23T12:47:16Z" duration-ms="12453" status="PASS">
          <reporter-output>
          </reporter-output>
        </test-method> <!-- setUp -->
        <test-method signature="testSldcLogins()[pri:1, instance:com.orangehrm.testcases.ToVerifyLoginPage@196a42c3]" started-at="2024-12-23T12:47:16Z" name="testSldcLogins" finished-at="2024-12-23T12:47:20Z" duration-ms="3963" status="PASS">
          <reporter-output>
          </reporter-output>
        </test-method> <!-- testSldcLogins -->
        <test-method is-config="true" signature="tearDownMethod(org.testng.ITestResult)[pri:0, instance:com.orangehrm.testcases.ToVerifyLoginPage@196a42c3]" started-at="2024-12-23T12:47:20Z" name="tearDownMethod" finished-at="2024-12-23T12:47:21Z" duration-ms="544" status="PASS">
          <params>
            <param index="0">
              <value>
                <![CDATA[[TestResult name=testSldcLogins status=SUCCESS method=ToVerifyLoginPage.testSldcLogins()[pri:1, instance:com.orangehrm.testcases.ToVerifyLoginPage@196a42c3] output={null}]]]>
              </value>
            </param>
          </params>
          <reporter-output>
          </reporter-output>
        </test-method> <!-- tearDownMethod -->
      </class> <!-- com.orangehrm.testcases.ToVerifyLoginPage -->
    </test> <!-- Default test -->
  </suite> <!-- Default suite -->
</testng-results>
